Info: CustomCategory:visao_geral_do_paad: 15 mini seconds publishing element
Info: DeliveryProcess:paad: 450 mini seconds publishing element
Info: DeliveryProcess:paad: 4639 mini seconds publishing process specific layout data
Info: Phase:Concepção: 202 mini seconds publishing element
Info: Activity:requisitos_concepcao: 280 mini seconds publishing element
Info: TaskDescriptor:1_definir_projeto: 5 mini seconds publishing element
Info: TaskDescriptor:2_definir_escopo: 3 mini seconds publishing element
Info: TaskDescriptor:3_definir_funcionalidades: 3 mini seconds publishing element
Info: TaskDescriptor:4_dividir_em_cdus: 3 mini seconds publishing element
Info: TaskDescriptor:5_classificar_cdus: 2 mini seconds publishing element
Info: TaskDescriptor:6_descrever_cdus: 4 mini seconds publishing element
Info: Activity:analise_projeto_concepcao: 295 mini seconds publishing element
Info: TaskDescriptor:7_analisar_mod_cdu: 3 mini seconds publishing element
Info: TaskDescriptor:8_reunir_equipe: 3 mini seconds publishing element
Info: TaskDescriptor:9_elaborar_doc_arq: 2 mini seconds publishing element
Info: Activity:impl_testes_concepcao: 492 mini seconds publishing element
Info: TaskDescriptor:10_confeccionar_prototipo: 2 mini seconds publishing element
Info: Activity:gerencia_concepcao: 792 mini seconds publishing element
Info: TaskDescriptor:1_especificar_so: 3 mini seconds publishing element
Info: TaskDescriptor:2_especificar_ferramentas: 3 mini seconds publishing element
Info: TaskDescriptor:3_especif_fer_ger: 2 mini seconds publishing element
Info: TaskDescriptor:4_inst_ferramentas: 2 mini seconds publishing element
Info: TaskDescriptor:5_escrever_doc_amb: 2 mini seconds publishing element
Info: TaskDescriptor:6_plan_reunioes_cliente: 3 mini seconds publishing element
Info: TaskDescriptor:7_executar_reunioes: 3 mini seconds publishing element
Info: TaskDescriptor:8_registrar_em_ata: 3 mini seconds publishing element
Info: TaskDescriptor:9_executar_requisitos: 5 mini seconds publishing element
Info: TaskDescriptor:12_apresentar_artefatos: 11 mini seconds publishing element
Info: TaskDescriptor:13_exec_req_doc_visao: 3 mini seconds publishing element
Info: TaskDescriptor:14_desenvolver_plan_des_soft: 3 mini seconds publishing element
Info: TaskDescriptor:15_desenvolver_plan_iteracao: 3 mini seconds publishing element
Info: TaskDescriptor:Planejar Reuniões Diárias com Equipe do Projeto: 15 mini seconds publishing element
Info: Phase:Elaboração: 249 mini seconds publishing element
Info: Activity:requisitos_elaboracao: 411 mini seconds publishing element
Info: TaskDescriptor:1_escolher_cdus: 4 mini seconds publishing element
Info: TaskDescriptor:2_Implementar_cdu_escolhido_Arquitetura: 9 mini seconds publishing element
Info: TaskDescriptor:3_consultar_cliente: 3 mini seconds publishing element
Info: TaskDescriptor:4_identificar_mudancas_requisitos: 4 mini seconds publishing element
Info: TaskDescriptor:5_atualizar_diagramas_cdus_classes: 3 mini seconds publishing element
Info: TaskDescriptor:6_atualizar_doc_visao_arquitetura: 2 mini seconds publishing element
Info: TaskDescriptor:10_realizar_analise_e_projeto: 2 mini seconds publishing element
Info: Activity:analise_projeto_elaboracao: 555 mini seconds publishing element
Info: TaskDescriptor:13_revisar_doc_visao_Arquitetura_Especificações: 5 mini seconds publishing element
Info: TaskDescriptor:7_elaborar_diagrama_de_interacao: 4 mini seconds publishing element
Info: TaskDescriptor:11_implementar_cdu: 5 mini seconds publishing element
Info: TaskDescriptor:9_ajustar_arq: 4 mini seconds publishing element
Info: TaskDescriptor:8_redefinir_arq: 4 mini seconds publishing element
Info: TaskDescriptor:New Task Descriptor: 17 mini seconds publishing element
Info: TaskDescriptor:New Task Descriptor_2: 13 mini seconds publishing element
Info: Activity:impl_testes_elaboracao: 139 mini seconds publishing element
Info: TaskDescriptor:New Task Descriptor: 14 mini seconds publishing element
Info: TaskDescriptor:New Task Descriptor_2: 14 mini seconds publishing element
Info: TaskDescriptor:New Task Descriptor_3: 19 mini seconds publishing element
Info: TaskDescriptor:New Task Descriptor_4: 13 mini seconds publishing element
Info: Activity:gerencia_elaboracao: 687 mini seconds publishing element
Info: TaskDescriptor:16_especificar_ferramentas_desenv: 3 mini seconds publishing element
Info: TaskDescriptor:17_instalar_soft_bib: 2 mini seconds publishing element
Info: TaskDescriptor:5_escrever_doc_amb: 2 mini seconds publishing element
Info: TaskDescriptor:7_executar_reunioes: 4 mini seconds publishing element
Info: TaskDescriptor:8_registrar_em_ata: 3 mini seconds publishing element
Info: TaskDescriptor:9_executar_requisitos: 5 mini seconds publishing element
Info: TaskDescriptor:18_apresentar_implementacao: 4 mini seconds publishing element
Info: TaskDescriptor:19_revisar_plan_des_soft: 3 mini seconds publishing element
Info: TaskDescriptor:15_desenvolver_plan_iteracao: 4 mini seconds publishing element
Info: TaskDescriptor:6_plan_reunioes_cliente: 2 mini seconds publishing element
Info: Phase:Construção: 187 mini seconds publishing element
Info: Activity:requisitos_construcao: 370 mini seconds publishing element
Info: TaskDescriptor:0_detalhar_cdu: 4 mini seconds publishing element
Info: TaskDescriptor:3_consultar_cliente: 3 mini seconds publishing element
Info: TaskDescriptor:4_identificar_mudancas_requisitos: 2 mini seconds publishing element
Info: TaskDescriptor:5_atualizar_diagramas_cdus_classes: 3 mini seconds publishing element
Info: TaskDescriptor:6_atualizar_doc_visao_arquitetura: 6 mini seconds publishing element
Info: TaskDescriptor:10_realizar_analise_e_projeto: 4 mini seconds publishing element
Info: Activity:analise_projeto_construcao: 272 mini seconds publishing element
Info: TaskDescriptor:12_executar_implementacao: 6 mini seconds publishing element
Info: TaskDescriptor:7_elaborar_diagrama_de_interacao: 3 mini seconds publishing element
Info: TaskDescriptor:New Task Descriptor: 14 mini seconds publishing element
Info: TaskDescriptor:New Task Descriptor_2: 14 mini seconds publishing element
Info: Activity:impl_testes_construcao: 141 mini seconds publishing element
Info: TaskDescriptor:New Task Descriptor: 18 mini seconds publishing element
Info: TaskDescriptor:New Task Descriptor_2: 14 mini seconds publishing element
Info: TaskDescriptor:New Task Descriptor_3: 17 mini seconds publishing element
Info: TaskDescriptor:New Task Descriptor_4: 15 mini seconds publishing element
Info: Activity:gerencia_construcao: 348 mini seconds publishing element
Info: TaskDescriptor:5_escrever_doc_amb: 3 mini seconds publishing element
Info: TaskDescriptor:20_executar_reunioes_cliente: 4 mini seconds publishing element
Info: TaskDescriptor:8_registrar_em_ata: 3 mini seconds publishing element
Info: TaskDescriptor:19_revisar_plan_des_soft: 3 mini seconds publishing element
Info: TaskDescriptor:15_desenvolver_plan_iteracao: 5 mini seconds publishing element
Info: TaskDescriptor:6_plan_reunioes_cliente: 3 mini seconds publishing element
Info: Phase:Validação: 180 mini seconds publishing element
Info: Activity:requisitos_validacao: 149 mini seconds publishing element
Info: TaskDescriptor:New Task Descriptor: 14 mini seconds publishing element
Info: TaskDescriptor:New Task Descriptor_2: 15 mini seconds publishing element
Info: Activity:analise_projeto_validacao: 89 mini seconds publishing element
Info: Activity:impl_testes_validacao: 653 mini seconds publishing element
Info: TaskDescriptor:1_planejar_testes_alfa: 3 mini seconds publishing element
Info: TaskDescriptor:2_executar_testes_alfa: 2 mini seconds publishing element
Info: TaskDescriptor:3_verificar_necessidade_de_remodelagem: 2 mini seconds publishing element
Info: TaskDescriptor:4_implementar_correcoes: 3 mini seconds publishing element
Info: TaskDescriptor:5_iniciar_alteracoes_de_modelagem: 5 mini seconds publishing element
Info: TaskDescriptor:6_executar_build: 2 mini seconds publishing element
Info: TaskDescriptor:8_gerar_relatorio_de_teste_beta: 2 mini seconds publishing element
Info: Activity:gerencia_validacao: 623 mini seconds publishing element
Info: TaskDescriptor:21_identificar_ambiente: 2 mini seconds publishing element
Info: TaskDescriptor:22_instalar_softwares: 2 mini seconds publishing element
Info: TaskDescriptor:23_implantar_sistema: 4 mini seconds publishing element
Info: TaskDescriptor:24_apresentar_sistema: 7 mini seconds publishing element
Info: TaskDescriptor:8_registrar_em_ata: 4 mini seconds publishing element
Info: TaskDescriptor:25_nova_iteracao_ajustes: 3 mini seconds publishing element
Info: TaskDescriptor:19_revisar_plan_des_soft: 4 mini seconds publishing element
Info: TaskDescriptor:15_desenvolver_plan_iteracao: 4 mini seconds publishing element
Info: TaskDescriptor:26_comemoracao_fim: 3 mini seconds publishing element
Info: TaskDescriptor:6_plan_reunioes_cliente: 2 mini seconds publishing element
Info: CustomCategory:atividades do processo: 14 mini seconds publishing element
Info: DisciplineGrouping:disciplinas_concepcao: 17 mini seconds publishing element
Info: Discipline:requisitos: 18 mini seconds publishing element
Info: Task:5_classificar_cdus: 19 mini seconds publishing element
Info: Task:1_definir_projeto: 19 mini seconds publishing element
Info: Task:2_definir_escopo: 19 mini seconds publishing element
Info: Task:3_definir_funcionalidades: 15 mini seconds publishing element
Info: Task:6_descrever_cdus: 18 mini seconds publishing element
Info: Task:4_dividir_em_cdus: 20 mini seconds publishing element
Info: Discipline:analise_e_projeto: 14 mini seconds publishing element
Info: Task:7_analisar_mod_cdu: 16 mini seconds publishing element
Info: Task:9_elaborar_doc_arq: 19 mini seconds publishing element
Info: Task:8_reunir_equipe: 17 mini seconds publishing element
Info: Discipline:impl_testes: 16 mini seconds publishing element
Info: Task:10_confeccionar_prototipo: 20 mini seconds publishing element
Info: Discipline:gerencia: 17 mini seconds publishing element
Info: Task:12_apresentar_artefatos: 20 mini seconds publishing element
Info: Task:14_desenvolver_plan_des_soft: 16 mini seconds publishing element
Info: Task:15_desenvolver_plan_iteracao: 28 mini seconds publishing element
Info: Task:5_escrever_doc_amb: 19 mini seconds publishing element
Info: Task:3_especif_fer_ger: 18 mini seconds publishing element
Info: Task:2_especificar_ferramentas: 19 mini seconds publishing element
Info: Task:1_especificar_so: 17 mini seconds publishing element
Info: Task:9_executar_requisitos: 23 mini seconds publishing element
Info: Task:13_exec_req_doc_visao: 16 mini seconds publishing element
Info: Task:11_executar_reuniao_diaria_com_equipe: 14 mini seconds publishing element
Info: Task:7_executar_reunioes: 21 mini seconds publishing element
Info: Task:4_inst_ferramentas: 15 mini seconds publishing element
Info: Task:6_plan_reunioes_cliente: 26 mini seconds publishing element
Info: Task:10_Planejar_reunioes_diarias_equipe: 11 mini seconds publishing element
Info: Task:8_registrar_em_ata: 23 mini seconds publishing element
Info: DisciplineGrouping:disciplinas_elaboracao: 22 mini seconds publishing element
Info: Discipline:requisitos_elaboracao: 22 mini seconds publishing element
Info: Task:5_atualizar_diagramas_cdus_classes: 22 mini seconds publishing element
Info: Task:6_atualizar_doc_visao_arquitetura: 22 mini seconds publishing element
Info: Task:3_consultar_cliente: 18 mini seconds publishing element
Info: Task:1_escolher_cdus: 17 mini seconds publishing element
Info: Task:4_identificar_mudancas_requisitos: 27 mini seconds publishing element
Info: Task:2_Implementar_cdu_escolhido_Arquitetura: 16 mini seconds publishing element
Info: Task:10_realizar_analise_e_projeto: 36 mini seconds publishing element
Info: Discipline:analise_elaboracao: 19 mini seconds publishing element
Info: Task:9_ajustar_arq: 17 mini seconds publishing element
Info: Task:7_elaborar_diagrama_de_interacao: 21 mini seconds publishing element
Info: Task:11_implementar_cdu: 15 mini seconds publishing element
Info: Task:8_redefinir_arq: 18 mini seconds publishing element
Info: Task:13_revisar_doc_visao_Arquitetura_Especificações: 22 mini seconds publishing element
Info: Discipline:impl_elaboracao: 14 mini seconds publishing element
Info: Discipline:gerencia_elaboracao: 15 mini seconds publishing element
Info: Task:18_apresentar_implementacao: 18 mini seconds publishing element
Info: Task:16_especificar_ferramentas_desenv: 17 mini seconds publishing element
Info: Task:17_instalar_soft_bib: 15 mini seconds publishing element
Info: Task:19_revisar_plan_des_soft: 21 mini seconds publishing element
Info: DisciplineGrouping:disciplinas_construcao: 20 mini seconds publishing element
Info: Discipline:requisitos_construcao: 16 mini seconds publishing element
Info: Task:0_detalhar_cdu: 23 mini seconds publishing element
Info: Discipline:analise_construcao: 13 mini seconds publishing element
Info: Task:12_executar_implementacao: 16 mini seconds publishing element
Info: Discipline:impl_construcao: 14 mini seconds publishing element
Info: Discipline:gerencia_construcao: 14 mini seconds publishing element
Info: Task:20_executar_reunioes_cliente: 17 mini seconds publishing element
Info: DisciplineGrouping:disciplinas_validacao: 18 mini seconds publishing element
Info: Discipline:requisitos_validacao: 15 mini seconds publishing element
Info: Discipline:analise_validacao: 14 mini seconds publishing element
Info: Discipline:impl_validacao: 18 mini seconds publishing element
Info: Task:6_executar_build: 17 mini seconds publishing element
Info: Task:2_executar_testes_alfa: 17 mini seconds publishing element
Info: Task:8_gerar_relatorio_de_teste_beta: 17 mini seconds publishing element
Info: Task:4_implementar_correcoes: 20 mini seconds publishing element
Info: Task:5_iniciar_alteracoes_de_modelagem: 18 mini seconds publishing element
Info: Task:1_planejar_testes_alfa: 17 mini seconds publishing element
Info: Task:3_verificar_necessidade_de_remodelagem: 18 mini seconds publishing element
Info: Discipline:gerencia_validacao: 21 mini seconds publishing element
Info: Task:21_identificar_ambiente: 18 mini seconds publishing element
Info: Task:23_implantar_sistema: 19 mini seconds publishing element
Info: Task:22_instalar_softwares: 20 mini seconds publishing element
Info: Task:25_nova_iteracao_ajustes: 16 mini seconds publishing element
Info: Task:26_comemoracao_fim: 19 mini seconds publishing element
Info: Task:24_apresentar_sistema: 21 mini seconds publishing element
Info: CustomCategory:role_sets: 13 mini seconds publishing element
Info: RoleSet:analise: 19 mini seconds publishing element
Info: Role:analista: 100 mini seconds publishing element
Info: Task:9_realiza_analise_evolutiva: 15 mini seconds publishing element
Info: Artifact:diagrama_geral_cdus: 47 mini seconds publishing element
Info: Artifact:doc_risco: 26 mini seconds publishing element
Info: Artifact:doc_visao: 41 mini seconds publishing element
Info: Example:exemplo_diagrama_geral_cdus: 24 mini seconds publishing element
Info: Template:modelo_doc_visao: 20 mini seconds publishing element
Info: Template:modelo_doc_risco: 18 mini seconds publishing element
Info: Role:stakeholders: 40 mini seconds publishing element
Info: RoleSet:projeto: 12 mini seconds publishing element
Info: Role:arquiteto: 59 mini seconds publishing element
Info: Artifact:doc_arq: 35 mini seconds publishing element
Info: Template:modelo_doc_arquitetura: 15 mini seconds publishing element
Info: Artifact:ata_de_reuniao: 32 mini seconds publishing element
Info: Template:modelo_ata: 16 mini seconds publishing element
Info: Role:projetista: 78 mini seconds publishing element
Info: Task:1.a_eslher_cdus: 13 mini seconds publishing element
Info: Artifact:diagrama_de_classes: 32 mini seconds publishing element
Info: Artifact:diagrama_interacao: 26 mini seconds publishing element
Info: Artifact:especificacao_cdu: 31 mini seconds publishing element
Info: Example:exemplo_diagrama_classes: 19 mini seconds publishing element
Info: Example:exemplo_diagrama_interacao: 16 mini seconds publishing element
Info: Template:modelo_especificacao_cdu: 20 mini seconds publishing element
Info: RoleSet:implementacao_e_testes: 13 mini seconds publishing element
Info: Role:designer: 47 mini seconds publishing element
Info: Artifact:prototipo_de_telas: 21 mini seconds publishing element
Info: Role:implementador_testador: 79 mini seconds publishing element
Info: Artifact:codigos_fontes: 31 mini seconds publishing element
Info: RoleSet:gerenciamento: 13 mini seconds publishing element
Info: Role:gerente: 95 mini seconds publishing element
Info: Artifact:doc_amb: 28 mini seconds publishing element
Info: Artifact:plan_des_soft: 29 mini seconds publishing element
Info: Artifact:plan_iteracao: 27 mini seconds publishing element
Info: Template:modelo_doc_ambiente: 16 mini seconds publishing element
Info: Template:modelo_plan_des_soft: 18 mini seconds publishing element
Info: Template:modelo_plano_iteracao: 18 mini seconds publishing element
Info: CustomCategory:artefatos: 14 mini seconds publishing element
Info: WorkProductType:codigos_fontes: 19 mini seconds publishing element
Info: WorkProductType:diagramas_uml: 15 mini seconds publishing element
Info: WorkProductType:documentos_texto: 19 mini seconds publishing element
Info: WorkProductType:imagem_html: 14 mini seconds publishing element
Info: ToolMentor:ms_project: 239 mini seconds publishing element
Info: RoleDescriptor:analista: 7 mini seconds publishing element
Info: RoleDescriptor:arquiteto: 3 mini seconds publishing element
Info: RoleDescriptor:designer: 4 mini seconds publishing element
Info: RoleDescriptor:gerente: 4 mini seconds publishing element
Info: RoleDescriptor:implementador_testador: 3 mini seconds publishing element
Info: RoleDescriptor:projetista: 5 mini seconds publishing element
Info: RoleDescriptor:stakeholders: 3 mini seconds publishing element
Info: WorkProductDescriptor:ata_de_reuniao: 3 mini seconds publishing element
Info: WorkProductDescriptor:codigos_fontes: 4 mini seconds publishing element
Info: WorkProductDescriptor:diagrama_de_classes: 5 mini seconds publishing element
Info: WorkProductDescriptor:diagrama_interacao: 4 mini seconds publishing element
Info: WorkProductDescriptor:diagrama_geral_cdus: 3 mini seconds publishing element
Info: WorkProductDescriptor:doc_amb: 4 mini seconds publishing element
Info: WorkProductDescriptor:doc_arq: 3 mini seconds publishing element
Info: WorkProductDescriptor:doc_risco: 3 mini seconds publishing element
Info: WorkProductDescriptor:doc_visao: 3 mini seconds publishing element
Info: WorkProductDescriptor:especificacao_cdu: 7 mini seconds publishing element
Info: WorkProductDescriptor:plan_des_soft: 5 mini seconds publishing element
Info: WorkProductDescriptor:plan_iteracao: 4 mini seconds publishing element
Info: WorkProductDescriptor:prototipo_de_telas: 3 mini seconds publishing element
Info: RoleDescriptor:arquiteto: 5 mini seconds publishing element
Info: WorkProductDescriptor:diagrama_geral_cdus: 4 mini seconds publishing element
Info: WorkProductDescriptor:doc_visao: 3 mini seconds publishing element
Info: RoleDescriptor:analista: 5 mini seconds publishing element
Info: RoleDescriptor:gerente: 11 mini seconds publishing element
Info: WorkProductDescriptor:ata_de_reuniao: 3 mini seconds publishing element
Info: WorkProductDescriptor:diagrama_geral_cdus: 7 mini seconds publishing element
Info: WorkProductDescriptor:doc_arq: 5 mini seconds publishing element
Info: WorkProductDescriptor:doc_risco: 7 mini seconds publishing element
Info: WorkProductDescriptor:doc_visao: 9 mini seconds publishing element
Info: WorkProductDescriptor:prototipo_de_telas: 3 mini seconds publishing element
Info: RoleDescriptor:analista: 5 mini seconds publishing element
Info: RoleDescriptor:arquiteto: 3 mini seconds publishing element
Info: RoleDescriptor:gerente: 3 mini seconds publishing element
Info: WorkProductDescriptor:ata_de_reuniao: 3 mini seconds publishing element
Info: WorkProductDescriptor:diagrama_geral_cdus: 4 mini seconds publishing element
Info: WorkProductDescriptor:doc_amb: 3 mini seconds publishing element
Info: WorkProductDescriptor:doc_arq: 3 mini seconds publishing element
Info: WorkProductDescriptor:doc_risco: 6 mini seconds publishing element
Info: WorkProductDescriptor:doc_visao: 3 mini seconds publishing element
Info: WorkProductDescriptor:plan_des_soft: 3 mini seconds publishing element
Info: WorkProductDescriptor:plan_iteracao: 3 mini seconds publishing element
Info: RoleDescriptor:analista: 4 mini seconds publishing element
Info: RoleDescriptor:arquiteto: 4 mini seconds publishing element
Info: RoleDescriptor:projetista: 7 mini seconds publishing element
Info: WorkProductDescriptor:diagrama_geral_cdus: 3 mini seconds publishing element
Info: WorkProductDescriptor:doc_arq: 4 mini seconds publishing element
Info: WorkProductDescriptor:doc_visao: 3 mini seconds publishing element
Info: WorkProductDescriptor:especificacao_cdu: 5 mini seconds publishing element
Info: RoleDescriptor:analista: 4 mini seconds publishing element
Info: RoleDescriptor:gerente: 8 mini seconds publishing element
Info: RoleDescriptor:implementador_testador: 3 mini seconds publishing element
Info: WorkProductDescriptor:codigos_fontes: 3 mini seconds publishing element
Info: WorkProductDescriptor:diagrama_geral_cdus: 5 mini seconds publishing element
Info: WorkProductDescriptor:doc_arq: 3 mini seconds publishing element
Info: WorkProductDescriptor:doc_visao: 5 mini seconds publishing element
Info: RoleDescriptor:analista: 5 mini seconds publishing element
Info: RoleDescriptor:gerente: 3 mini seconds publishing element
Info: RoleDescriptor:implementador_testador: 3 mini seconds publishing element
Info: RoleDescriptor:projetista: 4 mini seconds publishing element
Info: WorkProductDescriptor:ata_de_reuniao: 2 mini seconds publishing element
Info: WorkProductDescriptor:codigos_fontes: 2 mini seconds publishing element
Info: WorkProductDescriptor:diagrama_de_classes: 3 mini seconds publishing element
Info: WorkProductDescriptor:diagrama_interacao: 3 mini seconds publishing element
Info: WorkProductDescriptor:diagrama_geral_cdus: 4 mini seconds publishing element
Info: WorkProductDescriptor:doc_amb: 3 mini seconds publishing element
Info: WorkProductDescriptor:doc_risco: 3 mini seconds publishing element
Info: WorkProductDescriptor:doc_visao: 4 mini seconds publishing element
Info: WorkProductDescriptor:especificacao_cdu: 4 mini seconds publishing element
Info: WorkProductDescriptor:plan_des_soft: 4 mini seconds publishing element
Info: WorkProductDescriptor:plan_iteracao: 3 mini seconds publishing element
Info: RoleDescriptor:projetista: 3 mini seconds publishing element
Info: WorkProductDescriptor:especificacao_cdu: 3 mini seconds publishing element
Info: RoleDescriptor:gerente: 8 mini seconds publishing element
Info: RoleDescriptor:implementador_testador: 2 mini seconds publishing element
Info: WorkProductDescriptor:codigos_fontes: 3 mini seconds publishing element
Info: WorkProductDescriptor:diagrama_geral_cdus: 3 mini seconds publishing element
Info: WorkProductDescriptor:doc_visao: 2 mini seconds publishing element
Info: RoleDescriptor:analista: 4 mini seconds publishing element
Info: RoleDescriptor:arquiteto: 4 mini seconds publishing element
Info: RoleDescriptor:designer: 4 mini seconds publishing element
Info: RoleDescriptor:gerente: 7 mini seconds publishing element
Info: RoleDescriptor:implementador_testador: 5 mini seconds publishing element
Info: RoleDescriptor:projetista: 4 mini seconds publishing element
Info: WorkProductDescriptor:ata_de_reuniao: 4 mini seconds publishing element
Info: WorkProductDescriptor:codigos_fontes: 5 mini seconds publishing element
Info: WorkProductDescriptor:diagrama_de_classes: 4 mini seconds publishing element
Info: WorkProductDescriptor:diagrama_interacao: 4 mini seconds publishing element
Info: WorkProductDescriptor:diagrama_geral_cdus: 4 mini seconds publishing element
Info: WorkProductDescriptor:doc_amb: 3 mini seconds publishing element
Info: WorkProductDescriptor:doc_arq: 3 mini seconds publishing element
Info: WorkProductDescriptor:doc_risco: 5 mini seconds publishing element
Info: WorkProductDescriptor:doc_visao: 4 mini seconds publishing element
Info: WorkProductDescriptor:especificacao_cdu: 4 mini seconds publishing element
Info: WorkProductDescriptor:plan_des_soft: 5 mini seconds publishing element
Info: WorkProductDescriptor:plan_iteracao: 4 mini seconds publishing element
Info: WorkProductDescriptor:prototipo_de_telas: 3 mini seconds publishing element
Info: RoleDescriptor:implementador_testador: 5 mini seconds publishing element
Info: RoleDescriptor:projetista: 4 mini seconds publishing element
Info: WorkProductDescriptor:codigos_fontes: 3 mini seconds publishing element
Info: WorkProductDescriptor:diagrama_de_classes: 3 mini seconds publishing element
Info: WorkProductDescriptor:diagrama_interacao: 3 mini seconds publishing element
Info: WorkProductDescriptor:especificacao_cdu: 4 mini seconds publishing element
Info: Domain:construcao_domaisn: 18 mini seconds publishing element
Info: Domain:elaboracao_domain: 13 mini seconds publishing element
Info: Domain:concepcao_domain: 13 mini seconds publishing element
Info: Domain:validacao_domain: 15 mini seconds publishing element
Info: : Publishing time: 0 minutes 19 seconds
