Warning: DeliveryProcess:paad: missing resource file './../../PAAD/deliveryprocesses/Concep&ccedil;&atilde;o_757F1E16.html'
Warning: DeliveryProcess:paad: missing resource file './../../PAAD/deliveryprocesses/Elabora&ccedil;&atilde;o_24FFB03.html'
Warning: DeliveryProcess:paad: missing resource file './../../PAAD/deliveryprocesses/Constru&ccedil;&atilde;o_4F1185A4.html'
Warning: DeliveryProcess:paad: missing resource file './../../PAAD/deliveryprocesses/Valida&ccedil;&atilde;o_A351A7F4.html'
Warning: DeliveryProcess:paad: missing resource file './../../PAAD/deliveryprocesses/Concep&ccedil;&atilde;o_757F1E16.html'
Warning: DeliveryProcess:paad: missing resource file './../../PAAD/deliveryprocesses/Elabora&ccedil;&atilde;o_24FFB03.html'
Warning: DeliveryProcess:paad: missing resource file './../../PAAD/deliveryprocesses/Constru&ccedil;&atilde;o_4F1185A4.html'
Warning: DeliveryProcess:paad: missing resource file './../../PAAD/deliveryprocesses/Valida&ccedil;&atilde;o_A351A7F4.html'
Warning: Phase:Concepção: missing resource file './../../PAAD/deliveryprocesses/resources/Concep&ccedil;&atilde;o_757F1E16_Activity.jpeg'
Warning: Phase:Concepção: missing resource file './../../PAAD/deliveryprocesses/resources/Concep&ccedil;&atilde;o_757F1E16_Activity.jpeg'
Warning: Activity:requisitos_concepcao: missing resource file './../../PAAD/deliveryprocesses/Concep&ccedil;&atilde;o_757F1E16.html'
Warning: Activity:analise_projeto_concepcao: missing resource file './../../PAAD/deliveryprocesses/Concep&ccedil;&atilde;o_757F1E16.html'
Warning: Activity:impl_testes_concepcao: missing resource file './../../PAAD/deliveryprocesses/Concep&ccedil;&atilde;o_757F1E16.html'
Warning: Activity:gerencia_concepcao: missing resource file './../../PAAD/deliveryprocesses/Planejar Reuni&otilde;es Di&aacute;rias com Equipe do Projeto_25556FA7.html'
Warning: Activity:gerencia_concepcao: missing resource file './../../PAAD/deliveryprocesses/Concep&ccedil;&atilde;o_757F1E16.html'
Warning: Activity:gerencia_concepcao: missing resource file './../../PAAD/deliveryprocesses/Planejar Reuni&otilde;es Di&aacute;rias com Equipe do Projeto_25556FA7.html'
Warning: Phase:Elaboração: missing resource file './../../PAAD/deliveryprocesses/resources/Elabora&ccedil;&atilde;o_24FFB03_Activity.jpeg'
Warning: Phase:Elaboração: Unable to find element for guid _bI4FRHpREd6pL8HyHB0u_w
Warning: Phase:Elaboração: missing resource file './../../PAAD/deliveryprocesses/resources/Elabora&ccedil;&atilde;o_24FFB03_Activity.jpeg'
Warning: Activity:requisitos_elaboracao: missing resource file './../../PAAD/deliveryprocesses/Elabora&ccedil;&atilde;o_24FFB03.html'
Warning: Activity:analise_projeto_elaboracao: missing resource file './../../PAAD/tasks/13_revisar_doc_visao_Arquitetura_Especifica&ccedil;&otilde;es_E321A49F.html'
Warning: Activity:analise_projeto_elaboracao: missing resource file './../../PAAD/deliveryprocesses/Elabora&ccedil;&atilde;o_24FFB03.html'
Warning: Activity:analise_projeto_elaboracao: missing resource file './../../PAAD/tasks/13_revisar_doc_visao_Arquitetura_Especifica&ccedil;&otilde;es_E321A49F.html'
Warning: Activity:impl_testes_elaboracao: missing resource file './../../PAAD/deliveryprocesses/Elabora&ccedil;&atilde;o_24FFB03.html'
Warning: Activity:gerencia_elaboracao: missing resource file './../../PAAD/deliveryprocesses/Elabora&ccedil;&atilde;o_24FFB03.html'
Warning: Phase:Construção: missing resource file './../../PAAD/deliveryprocesses/resources/Constru&ccedil;&atilde;o_4F1185A4_Activity.jpeg'
Warning: Phase:Construção: missing resource file './../../PAAD/deliveryprocesses/resources/Constru&ccedil;&atilde;o_4F1185A4_Activity.jpeg'
Warning: Activity:requisitos_construcao: missing resource file './../../PAAD/deliveryprocesses/Constru&ccedil;&atilde;o_4F1185A4.html'
Warning: Activity:analise_projeto_construcao: missing resource file './../../PAAD/deliveryprocesses/Constru&ccedil;&atilde;o_4F1185A4.html'
Warning: Activity:impl_testes_construcao: missing resource file './../../PAAD/deliveryprocesses/Constru&ccedil;&atilde;o_4F1185A4.html'
Warning: Activity:gerencia_construcao: missing resource file './../../PAAD/deliveryprocesses/Constru&ccedil;&atilde;o_4F1185A4.html'
Warning: Phase:Validação: missing resource file './../../PAAD/deliveryprocesses/resources/Valida&ccedil;&atilde;o_A351A7F4_Activity.jpeg'
Warning: Phase:Validação: missing resource file './../../PAAD/deliveryprocesses/resources/Valida&ccedil;&atilde;o_A351A7F4_Activity.jpeg'
Warning: Activity:requisitos_validacao: missing resource file './../../PAAD/deliveryprocesses/Valida&ccedil;&atilde;o_A351A7F4.html'
Warning: Activity:analise_projeto_validacao: missing resource file './../../PAAD/deliveryprocesses/Valida&ccedil;&atilde;o_A351A7F4.html'
Warning: Activity:impl_testes_validacao: missing resource file './../../PAAD/deliveryprocesses/Valida&ccedil;&atilde;o_A351A7F4.html'
Warning: Activity:gerencia_validacao: Unable to find element for guid _KH53lHpREd6pL8HyHB0u_w
Warning: Activity:gerencia_validacao: missing resource file './../../PAAD/deliveryprocesses/Valida&ccedil;&atilde;o_A351A7F4.html'
Warning: Task:5_classificar_cdus: missing resource file './../../PAAD/deliveryprocesses/Concep&ccedil;&atilde;o_757F1E16.html'
Warning: Task:1_definir_projeto: missing resource file './../../PAAD/deliveryprocesses/Concep&ccedil;&atilde;o_757F1E16.html'
Warning: Task:2_definir_escopo: missing resource file './../../PAAD/deliveryprocesses/Concep&ccedil;&atilde;o_757F1E16.html'
Warning: Task:3_definir_funcionalidades: missing resource file './../../PAAD/deliveryprocesses/Concep&ccedil;&atilde;o_757F1E16.html'
Warning: Task:6_descrever_cdus: missing resource file './../../PAAD/deliveryprocesses/Concep&ccedil;&atilde;o_757F1E16.html'
Warning: Task:4_dividir_em_cdus: missing resource file './../../PAAD/deliveryprocesses/Concep&ccedil;&atilde;o_757F1E16.html'
Warning: Task:7_analisar_mod_cdu: missing resource file './../../PAAD/deliveryprocesses/Concep&ccedil;&atilde;o_757F1E16.html'
Warning: Task:9_elaborar_doc_arq: missing resource file './../../PAAD/deliveryprocesses/Concep&ccedil;&atilde;o_757F1E16.html'
Warning: Task:8_reunir_equipe: missing resource file './../../PAAD/deliveryprocesses/Concep&ccedil;&atilde;o_757F1E16.html'
Warning: Task:10_confeccionar_prototipo: missing resource file './../../PAAD/deliveryprocesses/Concep&ccedil;&atilde;o_757F1E16.html'
Warning: Task:12_apresentar_artefatos: missing resource file './../../PAAD/deliveryprocesses/Concep&ccedil;&atilde;o_757F1E16.html'
Warning: Task:14_desenvolver_plan_des_soft: missing resource file './../../PAAD/deliveryprocesses/Concep&ccedil;&atilde;o_757F1E16.html'
Warning: Task:15_desenvolver_plan_iteracao: missing resource file './../../PAAD/deliveryprocesses/Elabora&ccedil;&atilde;o_24FFB03.html'
Warning: Task:15_desenvolver_plan_iteracao: missing resource file './../../PAAD/deliveryprocesses/Constru&ccedil;&atilde;o_4F1185A4.html'
Warning: Task:15_desenvolver_plan_iteracao: missing resource file './../../PAAD/deliveryprocesses/Valida&ccedil;&atilde;o_A351A7F4.html'
Warning: Task:15_desenvolver_plan_iteracao: missing resource file './../../PAAD/deliveryprocesses/Concep&ccedil;&atilde;o_757F1E16.html'
Warning: Task:5_escrever_doc_amb: missing resource file './../../PAAD/deliveryprocesses/Elabora&ccedil;&atilde;o_24FFB03.html'
Warning: Task:5_escrever_doc_amb: missing resource file './../../PAAD/deliveryprocesses/Constru&ccedil;&atilde;o_4F1185A4.html'
Warning: Task:5_escrever_doc_amb: missing resource file './../../PAAD/deliveryprocesses/Concep&ccedil;&atilde;o_757F1E16.html'
Warning: Task:3_especif_fer_ger: missing resource file './../../PAAD/deliveryprocesses/Concep&ccedil;&atilde;o_757F1E16.html'
Warning: Task:2_especificar_ferramentas: missing resource file './../../PAAD/deliveryprocesses/Concep&ccedil;&atilde;o_757F1E16.html'
Warning: Task:1_especificar_so: missing resource file './../../PAAD/deliveryprocesses/Concep&ccedil;&atilde;o_757F1E16.html'
Warning: Task:9_executar_requisitos: missing resource file './../../PAAD/deliveryprocesses/Elabora&ccedil;&atilde;o_24FFB03.html'
Warning: Task:9_executar_requisitos: missing resource file './../../PAAD/deliveryprocesses/Concep&ccedil;&atilde;o_757F1E16.html'
Warning: Task:13_exec_req_doc_visao: missing resource file './../../PAAD/deliveryprocesses/Concep&ccedil;&atilde;o_757F1E16.html'
Warning: Task:7_executar_reunioes: missing resource file './../../PAAD/deliveryprocesses/Elabora&ccedil;&atilde;o_24FFB03.html'
Warning: Task:7_executar_reunioes: missing resource file './../../PAAD/deliveryprocesses/Concep&ccedil;&atilde;o_757F1E16.html'
Warning: Task:4_inst_ferramentas: missing resource file './../../PAAD/deliveryprocesses/Concep&ccedil;&atilde;o_757F1E16.html'
Warning: Task:6_plan_reunioes_cliente: missing resource file './../../PAAD/deliveryprocesses/Elabora&ccedil;&atilde;o_24FFB03.html'
Warning: Task:6_plan_reunioes_cliente: missing resource file './../../PAAD/deliveryprocesses/Constru&ccedil;&atilde;o_4F1185A4.html'
Warning: Task:6_plan_reunioes_cliente: missing resource file './../../PAAD/deliveryprocesses/Valida&ccedil;&atilde;o_A351A7F4.html'
Warning: Task:6_plan_reunioes_cliente: missing resource file './../../PAAD/deliveryprocesses/Concep&ccedil;&atilde;o_757F1E16.html'
Warning: Task:8_registrar_em_ata: missing resource file './../../PAAD/deliveryprocesses/Elabora&ccedil;&atilde;o_24FFB03.html'
Warning: Task:8_registrar_em_ata: missing resource file './../../PAAD/deliveryprocesses/Constru&ccedil;&atilde;o_4F1185A4.html'
Warning: Task:8_registrar_em_ata: missing resource file './../../PAAD/deliveryprocesses/Valida&ccedil;&atilde;o_A351A7F4.html'
Warning: Task:8_registrar_em_ata: missing resource file './../../PAAD/deliveryprocesses/Concep&ccedil;&atilde;o_757F1E16.html'
Warning: DisciplineGrouping:disciplinas_elaboracao: Unable to find element for guid _bI4FRHpREd6pL8HyHB0u_w
Warning: Task:5_atualizar_diagramas_cdus_classes: missing resource file './../../PAAD/deliveryprocesses/Elabora&ccedil;&atilde;o_24FFB03.html'
Warning: Task:5_atualizar_diagramas_cdus_classes: missing resource file './../../PAAD/deliveryprocesses/Constru&ccedil;&atilde;o_4F1185A4.html'
Warning: Task:6_atualizar_doc_visao_arquitetura: missing resource file './../../PAAD/deliveryprocesses/Elabora&ccedil;&atilde;o_24FFB03.html'
Warning: Task:6_atualizar_doc_visao_arquitetura: missing resource file './../../PAAD/deliveryprocesses/Constru&ccedil;&atilde;o_4F1185A4.html'
Warning: Task:3_consultar_cliente: missing resource file './../../PAAD/deliveryprocesses/Elabora&ccedil;&atilde;o_24FFB03.html'
Warning: Task:3_consultar_cliente: missing resource file './../../PAAD/deliveryprocesses/Constru&ccedil;&atilde;o_4F1185A4.html'
Warning: Task:1_escolher_cdus: missing resource file './../../PAAD/deliveryprocesses/Elabora&ccedil;&atilde;o_24FFB03.html'
Warning: Task:4_identificar_mudancas_requisitos: missing resource file './../../PAAD/deliveryprocesses/Elabora&ccedil;&atilde;o_24FFB03.html'
Warning: Task:4_identificar_mudancas_requisitos: missing resource file './../../PAAD/deliveryprocesses/Constru&ccedil;&atilde;o_4F1185A4.html'
Warning: Task:2_Implementar_cdu_escolhido_Arquitetura: missing resource file './../../PAAD/deliveryprocesses/Elabora&ccedil;&atilde;o_24FFB03.html'
Warning: Task:10_realizar_analise_e_projeto: missing resource file './../../PAAD/deliveryprocesses/Elabora&ccedil;&atilde;o_24FFB03.html'
Warning: Task:10_realizar_analise_e_projeto: missing resource file './../../PAAD/deliveryprocesses/Constru&ccedil;&atilde;o_4F1185A4.html'
Warning: Task:9_ajustar_arq: missing resource file './../../PAAD/deliveryprocesses/Elabora&ccedil;&atilde;o_24FFB03.html'
Warning: Task:7_elaborar_diagrama_de_interacao: missing resource file './../../PAAD/deliveryprocesses/Elabora&ccedil;&atilde;o_24FFB03.html'
Warning: Task:7_elaborar_diagrama_de_interacao: missing resource file './../../PAAD/deliveryprocesses/Constru&ccedil;&atilde;o_4F1185A4.html'
Warning: Task:11_implementar_cdu: missing resource file './../../PAAD/deliveryprocesses/Elabora&ccedil;&atilde;o_24FFB03.html'
Warning: Task:8_redefinir_arq: missing resource file './../../PAAD/deliveryprocesses/Elabora&ccedil;&atilde;o_24FFB03.html'
Warning: Task:13_revisar_doc_visao_Arquitetura_Especificações: missing resource file './../../PAAD/deliveryprocesses/Elabora&ccedil;&atilde;o_24FFB03.html'
Warning: Task:13_revisar_doc_visao_Arquitetura_Especificações: missing resource file './../../PAAD/tasks/13_revisar_doc_visao_Arquitetura_Especifica&ccedil;&otilde;es_E321A49F.html'
Warning: Task:18_apresentar_implementacao: missing resource file './../../PAAD/deliveryprocesses/Elabora&ccedil;&atilde;o_24FFB03.html'
Warning: Task:16_especificar_ferramentas_desenv: missing resource file './../../PAAD/deliveryprocesses/Elabora&ccedil;&atilde;o_24FFB03.html'
Warning: Task:17_instalar_soft_bib: missing resource file './../../PAAD/deliveryprocesses/Elabora&ccedil;&atilde;o_24FFB03.html'
Warning: Task:19_revisar_plan_des_soft: missing resource file './../../PAAD/deliveryprocesses/Elabora&ccedil;&atilde;o_24FFB03.html'
Warning: Task:19_revisar_plan_des_soft: missing resource file './../../PAAD/deliveryprocesses/Constru&ccedil;&atilde;o_4F1185A4.html'
Warning: Task:19_revisar_plan_des_soft: missing resource file './../../PAAD/deliveryprocesses/Valida&ccedil;&atilde;o_A351A7F4.html'
Warning: Task:0_detalhar_cdu: missing resource file './../../PAAD/deliveryprocesses/Constru&ccedil;&atilde;o_4F1185A4.html'
Warning: Task:12_executar_implementacao: missing resource file './../../PAAD/deliveryprocesses/Constru&ccedil;&atilde;o_4F1185A4.html'
Warning: Task:20_executar_reunioes_cliente: missing resource file './../../PAAD/deliveryprocesses/Constru&ccedil;&atilde;o_4F1185A4.html'
Warning: Task:6_executar_build: missing resource file './../../PAAD/deliveryprocesses/Valida&ccedil;&atilde;o_A351A7F4.html'
Warning: Task:2_executar_testes_alfa: missing resource file './../../PAAD/deliveryprocesses/Valida&ccedil;&atilde;o_A351A7F4.html'
Warning: Task:8_gerar_relatorio_de_teste_beta: missing resource file './../../PAAD/deliveryprocesses/Valida&ccedil;&atilde;o_A351A7F4.html'
Warning: Task:4_implementar_correcoes: missing resource file './../../PAAD/deliveryprocesses/Valida&ccedil;&atilde;o_A351A7F4.html'
Warning: Task:5_iniciar_alteracoes_de_modelagem: missing resource file './../../PAAD/deliveryprocesses/Valida&ccedil;&atilde;o_A351A7F4.html'
Warning: Task:1_planejar_testes_alfa: missing resource file './../../PAAD/deliveryprocesses/Valida&ccedil;&atilde;o_A351A7F4.html'
Warning: Task:3_verificar_necessidade_de_remodelagem: missing resource file './../../PAAD/deliveryprocesses/Valida&ccedil;&atilde;o_A351A7F4.html'
Warning: Discipline:gerencia_validacao: Unable to find element for guid _KH53lHpREd6pL8HyHB0u_w
Warning: Task:21_identificar_ambiente: missing resource file './../../PAAD/deliveryprocesses/Valida&ccedil;&atilde;o_A351A7F4.html'
Warning: Task:23_implantar_sistema: missing resource file './../../PAAD/deliveryprocesses/Valida&ccedil;&atilde;o_A351A7F4.html'
Warning: Task:22_instalar_softwares: missing resource file './../../PAAD/deliveryprocesses/Valida&ccedil;&atilde;o_A351A7F4.html'
Warning: Task:25_nova_iteracao_ajustes: missing resource file './../../PAAD/deliveryprocesses/Valida&ccedil;&atilde;o_A351A7F4.html'
Warning: Task:26_comemoracao_fim: missing resource file './../../PAAD/deliveryprocesses/Valida&ccedil;&atilde;o_A351A7F4.html'
Warning: Task:24_apresentar_sistema: missing resource file './../../PAAD/deliveryprocesses/Valida&ccedil;&atilde;o_A351A7F4.html'
Warning: Role:analista: missing resource file './../../PAAD/deliveryprocesses/Elabora&ccedil;&atilde;o_24FFB03.html'
Warning: Role:analista: missing resource file './../../PAAD/deliveryprocesses/Constru&ccedil;&atilde;o_4F1185A4.html'
Warning: Role:analista: missing resource file './../../PAAD/deliveryprocesses/Valida&ccedil;&atilde;o_A351A7F4.html'
Warning: Role:analista: missing resource file './../../PAAD/deliveryprocesses/Concep&ccedil;&atilde;o_757F1E16.html'
Warning: Artifact:diagrama_geral_cdus: missing resource file './../../PAAD/tasks/13_revisar_doc_visao_Arquitetura_Especifica&ccedil;&otilde;es_E321A49F.html'
Warning: Artifact:diagrama_geral_cdus: missing resource file './../../PAAD/deliveryprocesses/Elabora&ccedil;&atilde;o_24FFB03.html'
Warning: Artifact:diagrama_geral_cdus: missing resource file './../../PAAD/deliveryprocesses/Constru&ccedil;&atilde;o_4F1185A4.html'
Warning: Artifact:diagrama_geral_cdus: missing resource file './../../PAAD/deliveryprocesses/Valida&ccedil;&atilde;o_A351A7F4.html'
Warning: Artifact:diagrama_geral_cdus: missing resource file './../../PAAD/deliveryprocesses/Concep&ccedil;&atilde;o_757F1E16.html'
Warning: Artifact:doc_risco: missing resource file './../../PAAD/deliveryprocesses/Elabora&ccedil;&atilde;o_24FFB03.html'
Warning: Artifact:doc_risco: missing resource file './../../PAAD/deliveryprocesses/Constru&ccedil;&atilde;o_4F1185A4.html'
Warning: Artifact:doc_risco: missing resource file './../../PAAD/deliveryprocesses/Valida&ccedil;&atilde;o_A351A7F4.html'
Warning: Artifact:doc_risco: missing resource file './../../PAAD/deliveryprocesses/Concep&ccedil;&atilde;o_757F1E16.html'
Warning: Artifact:doc_visao: missing resource file './../../PAAD/tasks/13_revisar_doc_visao_Arquitetura_Especifica&ccedil;&otilde;es_E321A49F.html'
Warning: Artifact:doc_visao: missing resource file './../../PAAD/deliveryprocesses/Elabora&ccedil;&atilde;o_24FFB03.html'
Warning: Artifact:doc_visao: missing resource file './../../PAAD/deliveryprocesses/Constru&ccedil;&atilde;o_4F1185A4.html'
Warning: Artifact:doc_visao: missing resource file './../../PAAD/deliveryprocesses/Valida&ccedil;&atilde;o_A351A7F4.html'
Warning: Artifact:doc_visao: missing resource file './../../PAAD/deliveryprocesses/Concep&ccedil;&atilde;o_757F1E16.html'
Warning: Role:stakeholders: missing resource file './../../PAAD/deliveryprocesses/Concep&ccedil;&atilde;o_757F1E16.html'
Warning: Role:arquiteto: missing resource file './../../PAAD/deliveryprocesses/Elabora&ccedil;&atilde;o_24FFB03.html'
Warning: Role:arquiteto: missing resource file './../../PAAD/deliveryprocesses/Valida&ccedil;&atilde;o_A351A7F4.html'
Warning: Role:arquiteto: missing resource file './../../PAAD/deliveryprocesses/Concep&ccedil;&atilde;o_757F1E16.html'
Warning: Artifact:doc_arq: missing resource file './../../PAAD/tasks/13_revisar_doc_visao_Arquitetura_Especifica&ccedil;&otilde;es_E321A49F.html'
Warning: Artifact:doc_arq: missing resource file './../../PAAD/deliveryprocesses/Elabora&ccedil;&atilde;o_24FFB03.html'
Warning: Artifact:doc_arq: missing resource file './../../PAAD/deliveryprocesses/Valida&ccedil;&atilde;o_A351A7F4.html'
Warning: Artifact:doc_arq: missing resource file './../../PAAD/deliveryprocesses/Concep&ccedil;&atilde;o_757F1E16.html'
Warning: Artifact:ata_de_reuniao: missing resource file './../../PAAD/deliveryprocesses/Elabora&ccedil;&atilde;o_24FFB03.html'
Warning: Artifact:ata_de_reuniao: missing resource file './../../PAAD/deliveryprocesses/Constru&ccedil;&atilde;o_4F1185A4.html'
Warning: Artifact:ata_de_reuniao: missing resource file './../../PAAD/deliveryprocesses/Valida&ccedil;&atilde;o_A351A7F4.html'
Warning: Artifact:ata_de_reuniao: missing resource file './../../PAAD/deliveryprocesses/Concep&ccedil;&atilde;o_757F1E16.html'
Warning: Role:projetista: missing resource file './../../PAAD/deliveryprocesses/Elabora&ccedil;&atilde;o_24FFB03.html'
Warning: Role:projetista: missing resource file './../../PAAD/deliveryprocesses/Constru&ccedil;&atilde;o_4F1185A4.html'
Warning: Role:projetista: missing resource file './../../PAAD/deliveryprocesses/Valida&ccedil;&atilde;o_A351A7F4.html'
Warning: Artifact:diagrama_de_classes: missing resource file './../../PAAD/deliveryprocesses/Elabora&ccedil;&atilde;o_24FFB03.html'
Warning: Artifact:diagrama_de_classes: missing resource file './../../PAAD/deliveryprocesses/Constru&ccedil;&atilde;o_4F1185A4.html'
Warning: Artifact:diagrama_de_classes: missing resource file './../../PAAD/deliveryprocesses/Valida&ccedil;&atilde;o_A351A7F4.html'
Warning: Artifact:diagrama_interacao: missing resource file './../../PAAD/deliveryprocesses/Elabora&ccedil;&atilde;o_24FFB03.html'
Warning: Artifact:diagrama_interacao: missing resource file './../../PAAD/deliveryprocesses/Constru&ccedil;&atilde;o_4F1185A4.html'
Warning: Artifact:diagrama_interacao: missing resource file './../../PAAD/deliveryprocesses/Valida&ccedil;&atilde;o_A351A7F4.html'
Warning: Artifact:especificacao_cdu: missing resource file './../../PAAD/tasks/13_revisar_doc_visao_Arquitetura_Especifica&ccedil;&otilde;es_E321A49F.html'
Warning: Artifact:especificacao_cdu: missing resource file './../../PAAD/deliveryprocesses/Elabora&ccedil;&atilde;o_24FFB03.html'
Warning: Artifact:especificacao_cdu: missing resource file './../../PAAD/deliveryprocesses/Constru&ccedil;&atilde;o_4F1185A4.html'
Warning: Artifact:especificacao_cdu: missing resource file './../../PAAD/deliveryprocesses/Valida&ccedil;&atilde;o_A351A7F4.html'
Warning: Role:designer: missing resource file './../../PAAD/deliveryprocesses/Valida&ccedil;&atilde;o_A351A7F4.html'
Warning: Role:designer: missing resource file './../../PAAD/deliveryprocesses/Concep&ccedil;&atilde;o_757F1E16.html'
Warning: Artifact:prototipo_de_telas: missing resource file './../../PAAD/deliveryprocesses/Valida&ccedil;&atilde;o_A351A7F4.html'
Warning: Artifact:prototipo_de_telas: missing resource file './../../PAAD/deliveryprocesses/Concep&ccedil;&atilde;o_757F1E16.html'
Warning: Role:implementador_testador: missing resource file './../../PAAD/deliveryprocesses/Elabora&ccedil;&atilde;o_24FFB03.html'
Warning: Role:implementador_testador: missing resource file './../../PAAD/deliveryprocesses/Constru&ccedil;&atilde;o_4F1185A4.html'
Warning: Role:implementador_testador: missing resource file './../../PAAD/deliveryprocesses/Valida&ccedil;&atilde;o_A351A7F4.html'
Warning: Artifact:codigos_fontes: missing resource file './../../PAAD/deliveryprocesses/Elabora&ccedil;&atilde;o_24FFB03.html'
Warning: Artifact:codigos_fontes: missing resource file './../../PAAD/deliveryprocesses/Constru&ccedil;&atilde;o_4F1185A4.html'
Warning: Artifact:codigos_fontes: missing resource file './../../PAAD/deliveryprocesses/Valida&ccedil;&atilde;o_A351A7F4.html'
Warning: Role:gerente: missing resource file './../../PAAD/deliveryprocesses/Elabora&ccedil;&atilde;o_24FFB03.html'
Warning: Role:gerente: missing resource file './../../PAAD/deliveryprocesses/Constru&ccedil;&atilde;o_4F1185A4.html'
Warning: Role:gerente: missing resource file './../../PAAD/deliveryprocesses/Valida&ccedil;&atilde;o_A351A7F4.html'
Warning: Role:gerente: missing resource file './../../PAAD/deliveryprocesses/Concep&ccedil;&atilde;o_757F1E16.html'
Warning: Artifact:doc_amb: missing resource file './../../PAAD/deliveryprocesses/Elabora&ccedil;&atilde;o_24FFB03.html'
Warning: Artifact:doc_amb: missing resource file './../../PAAD/deliveryprocesses/Constru&ccedil;&atilde;o_4F1185A4.html'
Warning: Artifact:doc_amb: missing resource file './../../PAAD/deliveryprocesses/Valida&ccedil;&atilde;o_A351A7F4.html'
Warning: Artifact:doc_amb: missing resource file './../../PAAD/deliveryprocesses/Concep&ccedil;&atilde;o_757F1E16.html'
Warning: Artifact:plan_des_soft: missing resource file './../../PAAD/deliveryprocesses/Elabora&ccedil;&atilde;o_24FFB03.html'
Warning: Artifact:plan_des_soft: missing resource file './../../PAAD/deliveryprocesses/Constru&ccedil;&atilde;o_4F1185A4.html'
Warning: Artifact:plan_des_soft: missing resource file './../../PAAD/deliveryprocesses/Valida&ccedil;&atilde;o_A351A7F4.html'
Warning: Artifact:plan_des_soft: missing resource file './../../PAAD/deliveryprocesses/Concep&ccedil;&atilde;o_757F1E16.html'
Warning: Artifact:plan_iteracao: missing resource file './../../PAAD/deliveryprocesses/Elabora&ccedil;&atilde;o_24FFB03.html'
Warning: Artifact:plan_iteracao: missing resource file './../../PAAD/deliveryprocesses/Constru&ccedil;&atilde;o_4F1185A4.html'
Warning: Artifact:plan_iteracao: missing resource file './../../PAAD/deliveryprocesses/Valida&ccedil;&atilde;o_A351A7F4.html'
Warning: Artifact:plan_iteracao: missing resource file './../../PAAD/deliveryprocesses/Concep&ccedil;&atilde;o_757F1E16.html'
